[14:54:51.784] [INFO] Storybook Upgrade - v9.0.17
[14:54:51.811] [INFO] detect-projects-spinner-start: Detecting projects...
[14:54:51.818] [DEBUG] Finding Storybook projects...
[14:54:52.383] [DEBUG] Found 1 Storybook projects
[14:54:52.384] [INFO] detect-projects-spinner: Detecting projects: 1 projects
[14:54:52.388] [DEBUG] Getting Storybook data...
[14:54:52.388] [DEBUG] Getting Storybook info...
[14:54:52.389] [DEBUG] Loading main config...
[14:54:52.599] [DEBUG] Getting stories paths...
[14:54:52.745] [DEBUG] Getting package manager...
[14:54:52.982] [DEBUG] Getting Storybook version...
[14:54:52.984] [DEBUG] /.storybook - Validating before version... 9.0.17
[14:54:52.984] [DEBUG] /.storybook - Validating upgrade compatibility...
[14:54:52.985] [DEBUG] /.storybook - Fetching NPM version information...
[14:54:52.985] [DEBUG] Getting CLI versions from NPM for storybook...
[14:54:52.988] [DEBUG] Getting CLI versions from NPM for storybook@next...
[14:54:54.283] [DEBUG] /.storybook - Evaluating blockers...
[14:54:54.287] [DEBUG] Getting installed version for @storybook/experimental-addon-test...
[14:54:55.402] [INFO] detect-projects-spinner-stop: 1 project detected
[14:54:55.403] [DEBUG] Found 1 valid projects and 0 error projects
[14:54:55.403] [INFO] Upgrading from 9.0.17 to 9.0.17
[14:54:55.430] [INFO] upgrade-dependencies-task-start: Fetching versions to update package.json files..
[14:54:55.430] [DEBUG] Updating dependencies in /.storybook...
[14:54:55.452] [INFO] upgrade-dependencies-task: /package.json
[14:54:55.453] [DEBUG] {
  "upgradedDependencies": []
}
[14:54:55.453] [DEBUG] {
  "upgradedDevDependencies": [
    "@storybook/nextjs@^9.0.17"
  ]
}
[14:54:55.453] [DEBUG] {
  "upgradedPeerDependencies": []
}
[14:54:55.455] [DEBUG] Getting CLI versions from NPM for @storybook/nextjs...
[14:54:56.392] [INFO] upgrade-dependencies-task-success: Updated package versions in package.json files
[14:54:56.392] [INFO] detect-automigrations-task-start: Detecting automigrations...
[14:54:56.393] [DEBUG] Starting automigration collection across 1 projects and 15 fixes...
[14:54:56.412] [INFO] detect-automigrations-task: Checking automigrations for /.storybook...
[14:54:56.412] [DEBUG] Processing project: /.storybook
[14:54:56.412] [DEBUG] Checking fix eslintPlugin for project /.storybook...
[14:54:56.418] [DEBUG] Checking fix addon-mdx-gfm-remove for project /.storybook...
[14:54:56.419] [DEBUG] Checking fix addon-storysource-code-panel for project /.storybook...
[14:54:56.419] [DEBUG] Checking fix upgrade-storybook-related-dependencies for project /.storybook...
[14:54:56.419] [DEBUG] Checking for incompatible storybook packages...
[14:54:56.420] [DEBUG] Checking fix initial-globals for project /.storybook...
[14:54:56.420] [DEBUG] Checking fix addon-a11y-addon-test for project /.storybook...
[14:54:56.420] [DEBUG] Checking fix consolidated-imports for project /.storybook...
[14:54:56.422] [DEBUG] Checking fix addon-experimental-test for project /.storybook...
[14:54:56.422] [DEBUG] Using cached installed version for @storybook/experimental-addon-test...
[14:54:56.422] [DEBUG] Checking fix rnstorybook-config for project /.storybook...
[14:54:56.422] [DEBUG] Checking fix remove-addon-interactions for project /.storybook...
[14:54:56.423] [DEBUG] Checking fix renderer-to-framework for project /.storybook...
[14:54:56.425] [DEBUG] Checking fix remove-essential-addons for project /.storybook...
[14:54:56.425] [DEBUG] Checking fix addon-a11y-parameters for project /.storybook...
[14:54:56.425] [DEBUG] Checking fix remove-docs-autodocs for project /.storybook...
[14:54:56.457] [DEBUG] Checking fix wrap-require for project /.storybook...
[14:54:56.479] [INFO] detect-automigrations-task: 
Automigrations detected:
[14:54:56.494] [INFO] detect-automigrations-task: ✔ eslintPlugin
[14:54:56.494] [INFO] detect-automigrations-task-success: 1 automigration(s) detected
[14:55:03.051] [PROMPT] Select automigrations to run {"choice":["eslintPlugin"]}
[14:55:03.052] [INFO] automigrate-/.storybook-task-start: Running automigrations for /.storybook
[14:55:03.052] [DEBUG] Adding dependencies: eslint-plugin-storybook@9.0.17
[14:55:03.053] [DEBUG] Getting CLI versions from NPM for eslint-plugin-storybook...
[14:55:03.737] [DEBUG] Detected flat config at /Users/symi/projects/bidoof/eslint.config.mjs
[14:55:03.808] [INFO] automigrate-/.storybook-task: ✔ eslintPlugin
[14:55:03.809] [INFO] automigrate-/.storybook-task-success: Completed automigrations for /.storybook
[14:55:03.809] [INFO] Installing dependencies...
[14:55:03.809] [INFO] install-dependencies-task-start: Installing dependencies...
[14:55:08.070] [INFO] added 1 package, and audited 963 packages in 4s
[14:55:08.096] [INFO] install-dependencies-task: added 1 package, and audited 963 packages in 4s
[14:55:08.096] [INFO] 241 packages are looking for funding
  run `npm fund` for details

found 0 vulnerabilities
[14:55:08.130] [INFO] install-dependencies-task: 241 packages are looking for funding
run `npm fund` for details

found 0 vulnerabilities
[14:55:08.179] [INFO] Dependencies installed
[14:55:08.179] [INFO] install-dependencies-task-success: Dependencies installed
[14:55:08.180] [INFO] Checking the health of your project(s)..
[14:55:11.220] [WARN] /.storybook: 1 issue found
[14:55:11.243] [INFO] The "storybook" package was not found in your package.json.
Installing "storybook" as a direct dev dependency in your package.json is required.
[14:55:11.243] [INFO] Missing Storybook Dependency
[14:55:11.279] [INFO] The "storybook" package was not found in your package.json.
Installing "storybook" as a direct dev dependency in your package.json is required.
[14:55:11.320] [INFO] Storybook doctor is complete!
[14:55:11.342] [INFO] You can always recheck the health of your project(s) by running:
npx storybook doctor
[14:55:11.378] [INFO] The upgrade is complete!
[14:55:11.410] [INFO] Your project(s) have been upgraded successfully, but some issues were found which need your attention, please check Storybook doctor logs above.
[14:55:11.474] [INFO] If you want to learn more about the automigrations that executed in your project(s), please check the following links:

• eslintPlugin
[14:55:11.492] [INFO] For a full list of changes, please check our migration guide: https://storybook.js.org/docs/migration-guide